app/build/outputs/mapping/proguard/configuration.txt
# The proguard configuration file for the following section is default_proguard_files\global\proguard-android.txt-7.0.2
# This is a configuration file for ProGuard.
# http://proguard.sourceforge.net/index.html#manual/usage.html
#
# Starting with version 2.2 of the Android plugin for Gradle, this file is distributed together with
# the plugin and unpacked at build-time. The files in $ANDROID_HOME are no longer maintained and
# will be ignored by new version of the Android plugin for Gradle.

# Optimization is turned off by default. Dex does not like code run
# through the ProGuard optimize steps (and performs some
# of these optimizations on its own).
# Note that if you want to enable optimization, you cannot just
# include optimization flags in your own project configuration file;
# instead you will need to point to the
# "proguard-android-optimize.txt" file instead of this one from your
# project.properties file.
-dontoptimize

-dontusemixedcaseclassnames
-dontskipnonpubliclibraryclasses
-verbose

# Preserve some attributes that may be required for reflection.
-keepattributes *Annotation*,Signature,InnerClasses,EnclosingMethod

-keep public class com.google.vending.licensing.ILicensingService
-keep public class com.android.vending.licensing.ILicensingService
-keep public class com.google.android.vending.licensing.ILicensingService
-dontnote com.android.vending.licensing.ILicensingService
-dontnote com.google.vending.licensing.ILicensingService
-dontnote com.google.android.vending.licensing.ILicensingService

# For native methods, see http://proguard.sourceforge.net/manual/examples.html#native
-keepclasseswithmembernames,includedescriptorclasses class * {
    native <methods>;
}

# Keep setters in Views so that animations can still work.
-keepclassmembers public class * extends android.view.View {
    void set*(***);
    *** get*();
}

# We want to keep methods in Activity that could be used in the XML attribute onClick.
-keepclassmembers class * extends android.app.Activity {
    public void *(android.view.View);
}

# For enumeration classes, see http://proguard.sourceforge.net/manual/examples.html#enumerations
-keepclassmembers enum * {
    public static **[] values();
    public static ** valueOf(java.lang.String);
}

-keepclassmembers class * implements android.os.Parcelable {
    public static final ** CREATOR;
}

# Preserve annotated Javascript interface methods.
-keepclassmembers class * {
    @android.webkit.JavascriptInterface <methods>;
}

# The support libraries contains references to newer platform versions.
# Don't warn about those in case this app is linking against an older
# platform version. We know about them, and they are safe.
-dontnote android.support.**
-dontnote androidx.**
-dontwarn android.support.**
-dontwarn androidx.**

# This class is deprecated, but remains for backward compatibility.
-dontwarn android.util.FloatMath

# Understand the @Keep support annotation.
-keep class android.support.annotation.Keep
-keep class androidx.annotation.Keep

-keep @android.support.annotation.Keep class * {*;}
-keep @androidx.annotation.Keep class * {*;}

-keepclasseswithmembers class * {
    @android.support.annotation.Keep <methods>;
}

-keepclasseswithmembers class * {
    @androidx.annotation.Keep <methods>;
}

-keepclasseswithmembers class * {
    @android.support.annotation.Keep <fields>;
}

-keepclasseswithmembers class * {
    @androidx.annotation.Keep <fields>;
}

-keepclasseswithmembers class * {
    @android.support.annotation.Keep <init>(...);
}

-keepclasseswithmembers class * {
    @androidx.annotation.Keep <init>(...);
}

# These classes are duplicated between android.jar and org.apache.http.legacy.jar.
-dontnote org.apache.http.**
-dontnote android.net.http.**

# These classes are duplicated between android.jar and core-lambda-stubs.jar.
-dontnote java.lang.invoke.**

# End of content from default_proguard_files\global\proguard-android.txt-7.0.2
# The proguard configuration file for the following section is aapt_proguard_file\proguard\aapt_rules.txt
-keep class androidx.core.app.CoreComponentFactory { <init>(); }
-keep class androidx.lifecycle.ProcessLifecycleOwnerInitializer { <init>(); }
-keep class androidx.multidex.MultiDexApplication { <init>(); }
-keep class com.google.android.datatransport.runtime.backends.TransportBackendDiscovery { <init>(); }
-keep class com.google.android.datatransport.runtime.scheduling.jobscheduling.AlarmManagerSchedulerBroadcastReceiver { <init>(); }
-keep class com.google.android.datatransport.runtime.scheduling.jobscheduling.JobInfoSchedulerService { <init>(); }
-keep class com.google.android.gms.common.api.GoogleApiActivity { <init>(); }
-keep class com.google.mlkit.common.internal.MlKitComponentDiscoveryService { <init>(); }
-keep class com.google.mlkit.common.internal.MlKitInitProvider { <init>(); }
-keep class com.google.mlkit.vision.demo.java.CameraXLivePreviewActivity { <init>(); }
-keep class com.google.mlkit.vision.demo.java.ChooserActivity { <init>(); }
-keep class com.google.mlkit.vision.demo.preference.SettingsActivity { <init>(); }
-keep class android.widget.Space { <init>(android.content.Context, android.util.AttributeSet); }

-keep class androidx.appcompat.app.AlertController$RecycleListView { <init>(android.content.Context, android.util.AttributeSet); }

-keep class androidx.appcompat.view.menu.ActionMenuItemView { <init>(android.content.Context, android.util.AttributeSet); }

-keep class androidx.appcompat.view.menu.ExpandedMenuView { <init>(android.content.Context, android.util.AttributeSet); }

-keep class androidx.appcompat.view.menu.ListMenuItemView { <init>(android.content.Context, android.util.AttributeSet); }

-keep class androidx.appcompat.widget.ActionBarContainer { <init>(android.content.Context, android.util.AttributeSet); }

-keep class androidx.appcompat.widget.ActionBarContextView { <init>(android.content.Context, android.util.AttributeSet); }

-keep class androidx.appcompat.widget.ActionBarOverlayLayout { <init>(android.content.Context, android.util.AttributeSet); }

-keep class androidx.appcompat.widget.ActionMenuView { <init>(android.content.Context, android.util.AttributeSet); }

-keep class androidx.appcompat.widget.ActivityChooserView$InnerLayout { <init>(android.content.Context, android.util.AttributeSet); }

-keep class androidx.appcompat.widget.AlertDialogLayout { <init>(android.content.Context, android.util.AttributeSet); }

-keep class androidx.appcompat.widget.ButtonBarLayout { <init>(android.content.Context, android.util.AttributeSet); }

-keep class androidx.appcompat.widget.ContentFrameLayout { <init>(android.content.Context, android.util.AttributeSet); }

-keep class androidx.appcompat.widget.DialogTitle { <init>(android.content.Context, android.util.AttributeSet); }

-keep class androidx.appcompat.widget.FitWindowsFrameLayout { <init>(android.content.Context, android.util.AttributeSet); }

-keep class androidx.appcompat.widget.FitWindowsLinearLayout { <init>(android.content.Context, android.util.AttributeSet); }

-keep class androidx.appcompat.widget.SearchView$SearchAutoComplete { <init>(android.content.Context, android.util.AttributeSet); }

-keep class androidx.appcompat.widget.Toolbar { <init>(android.content.Context, android.util.AttributeSet); }

-keep class androidx.appcompat.widget.ViewStubCompat { <init>(android.content.Context, android.util.AttributeSet); }

-keep class androidx.camera.view.PreviewView { <init>(android.content.Context, android.util.AttributeSet); }

-keep class androidx.constraintlayout.widget.ConstraintLayout { <init>(android.content.Context, android.util.AttributeSet); }

-keep class androidx.core.widget.NestedScrollView { <init>(android.content.Context, android.util.AttributeSet); }

-keep class com.google.mlkit.vision.demo.GraphicOverlay { <init>(android.content.Context, android.util.AttributeSet); }


# End of content from aapt_proguard_file\proguard\aapt_rules.txt
# The proguard configuration file for the following section is transformed\jetified-barcode-scanning-17.0.0\proguard.txt
# We keep all fields for every generated proto file as the runtime uses
# reflection over them that ProGuard cannot detect. Without this keep
# rule, fields may be removed that would cause runtime failures.
-keepclassmembers class * extends com.google.android.gms.internal.mlkit_vision_barcode_bundled.zzee {
  <fields>;
}

# This prevents the names of native methods from being obfuscated and prevents
# UnsatisfiedLinkErrors.
-keepclasseswithmembernames class * {
    native <methods>;
}

# End of content from transformed\jetified-barcode-scanning-17.0.0\proguard.txt
# The proguard configuration file for the following section is transformed\jetified-object-detection-16.2.6\proguard.txt
# The rule below is needed for OKHTTP.
# Ignore annotation used for build tooling.
-dontwarn org.codehaus.mojo.animal_sniffer.IgnoreJRERequirement

# OkHttp3
# Taken from https://github.com/square/okhttp/blob/master/okhttp/src/main/resources/META-INF/proguard/okhttp3.pro
# Conscrypt is only used for the JVM version of OkHttp, not on Android.
-dontwarn org.conscrypt.**

# End of content from transformed\jetified-object-detection-16.2.6\proguard.txt
# The proguard configuration file for the following section is transformed\jetified-face-detection-16.1.2\proguard.txt
# We keep all fields for every generated proto file as the runtime uses
# reflection over them that ProGuard cannot detect. Without this keep
# rule, fields may be removed that would cause runtime failures.
-keepclassmembers class * extends com.google.android.gms.internal.mlkit_vision_face_bundled.zzns {
  <fields>;
}

# This prevents the names of native methods from being obfuscated and prevents
# UnsatisfiedLinkErrors.
-keepclasseswithmembernames class * {
    native <methods>;
}

# End of content from transformed\jetified-face-detection-16.1.2\proguard.txt
# The proguard configuration file for the following section is transformed\jetified-text-recognition-chinese-16.0.0-beta1\proguard.txt
# This prevents the names of native methods from being obfuscated and prevents
# UnsatisfiedLinkErrors.
-keepclasseswithmembernames class * {
    native <methods>;
}

# End of content from transformed\jetified-text-recognition-chinese-16.0.0-beta1\proguard.txt
# The proguard configuration file for the following section is transformed\jetified-text-recognition-devanagari-16.0.0-beta1\proguard.txt
# This prevents the names of native methods from being obfuscated and prevents
# UnsatisfiedLinkErrors.
-keepclasseswithmembernames class * {
    native <methods>;
}

# End of content from transformed\jetified-text-recognition-devanagari-16.0.0-beta1\proguard.txt
# The proguard configuration file for the following section is transformed\jetified-text-recognition-japanese-16.0.0-beta1\proguard.txt
# This prevents the names of native methods from being obfuscated and prevents
# UnsatisfiedLinkErrors.
-keepclasseswithmembernames class * {
    native <methods>;
}

# End of content from transformed\jetified-text-recognition-japanese-16.0.0-beta1\proguard.txt
# The proguard configuration file for the following section is transformed\jetified-text-recognition-korean-16.0.0-beta1\proguard.txt
# This prevents the names of native methods from being obfuscated and prevents
# UnsatisfiedLinkErrors.
-keepclasseswithmembernames class * {
    native <methods>;
}

# End of content from transformed\jetified-text-recognition-korean-16.0.0-beta1\proguard.txt
# The proguard configuration file for the following section is transformed\jetified-image-labeling-custom-16.3.1\proguard.txt
# We keep all fields for every generated proto file as the runtime uses
# reflection over them that ProGuard cannot detect. Without this keep
# rule, fields may be removed that would cause runtime failures.
-keepclassmembers class * extends com.google.android.gms.internal.mlkit_vision_label_custom.zzwo {
  <fields>;
}

# End of content from transformed\jetified-image-labeling-custom-16.3.1\proguard.txt
# The proguard configuration file for the following section is transformed\jetified-camera-16.0.0-beta1\proguard.txt
# The following are all required for Guava and taken from
# https://github.com/google/guava/wiki/UsingProGuardWithGuava

-dontwarn javax.lang.model.element.Modifier

# Striped64, LittleEndianByteArray, UnsignedBytes, AbstractFuture
-dontwarn sun.misc.Unsafe

-dontwarn java.lang.SafeVarargs

# Futures.getChecked (which often won't work with Proguard anyway) uses this. It
# has a fallback, but again, don't use Futures.getChecked on Android regardless.
-dontwarn java.lang.ClassValue

# End of content from transformed\jetified-camera-16.0.0-beta1\proguard.txt
# The proguard configuration file for the following section is transformed\jetified-camera-camera2-1.0.0-SNAPSHOT\proguard.txt
# Copyright (C) 2020 The Android Open Source Project
#
# Licensed under the Apache License, Version 2.0 (the "License");
# you may not use this file except in compliance with the License.
# You may obtain a copy of the License at
#
#      http://www.apache.org/licenses/LICENSE-2.0
#
# Unless required by applicable law or agreed to in writing, software
# distributed under the License is distributed on an "AS IS" BASIS,
# WITHOUT WARRANTIES OR CONDITIONS OF ANY KIND, either express or implied.
# See the License for the specific language governing permissions and
# limitations under the License.

# This is necessary for default initialization using Camera2Config
-keep public class androidx.camera.camera2.Camera2Config$DefaultProvider { *; }

# End of content from transformed\jetified-camera-camera2-1.0.0-SNAPSHOT\proguard.txt
# The proguard configuration file for the following section is transformed\appcompat-1.2.0\proguard.txt
# Copyright (C) 2018 The Android Open Source Project
#
# Licensed under the Apache License, Version 2.0 (the "License");
# you may not use this file except in compliance with the License.
# You may obtain a copy of the License at
#
#      http://www.apache.org/licenses/LICENSE-2.0
#
# Unless required by applicable law or agreed to in writing, software
# distributed under the License is distributed on an "AS IS" BASIS,
# WITHOUT WARRANTIES OR CONDITIONS OF ANY KIND, either express or implied.
# See the License for the specific language governing permissions and
# limitations under the License.

# aapt is not able to read app::actionViewClass and app:actionProviderClass to produce proguard
# keep rules. Add a commonly used SearchView to the keep list until b/109831488 is resolved.
-keep class androidx.appcompat.widget.SearchView { <init>(...); }

# Never inline methods, but allow shrinking and obfuscation.
-keepclassmembernames,allowobfuscation,allowshrinking class androidx.appcompat.widget.AppCompatTextViewAutoSizeHelper$Impl* {
  <methods>;
}

# End of content from transformed\appcompat-1.2.0\proguard.txt
# The proguard configuration file for the following section is transformed\jetified-object-detection-common-17.1.0\proguard.txt
# The rule below is needed for OKHTTP.
# Ignore annotation used for build tooling.
-dontwarn org.codehaus.mojo.animal_sniffer.IgnoreJRERequirement

# OkHttp3
# Taken from https://github.com/square/okhttp/blob/master/okhttp/src/main/resources/META-INF/proguard/okhttp3.pro
# Conscrypt is only used for the JVM version of OkHttp, not on Android.
-dontwarn org.conscrypt.**

# End of content from transformed\jetified-object-detection-common-17.1.0\proguard.txt
# The proguard configuration file for the following section is transformed\jetified-vision-internal-vkp-18.1.1\proguard.txt
# We keep all fields for every generated proto file as the runtime uses
# reflection over them that ProGuard cannot detect. Without this keep
# rule, fields may be removed that would cause runtime failures.
-keepclassmembers class * extends com.google.android.gms.internal.mlkit_vision_internal_vkp.zzagg {
  <fields>;
}

# This prevents the names of native methods from being obfuscated and prevents
# UnsatisfiedLinkErrors.
-keepclasseswithmembernames class * {
    native <methods>;
}

# End of content from transformed\jetified-vision-internal-vkp-18.1.1\proguard.txt
# The proguard configuration file for the following section is transformed\jetified-text-recognition-bundled-common-16.0.0-beta1\proguard.txt
# We keep all fields for every generated proto file as the runtime uses
# reflection over them that ProGuard cannot detect. Without this keep
# rule, fields may be removed that would cause runtime failures.
-keepclassmembers class * extends com.google.android.gms.internal.mlkit_vision_text_bundled_common.zbxs {
  <fields>;
}

# This prevents the names of native methods from being obfuscated and prevents
# UnsatisfiedLinkErrors.
-keepclasseswithmembernames class * {
    native <methods>;
}

# End of content from transformed\jetified-text-recognition-bundled-common-16.0.0-beta1\proguard.txt
# The proguard configuration file for the following section is transformed\jetified-mediapipe-internal-17.0.0-beta3\proguard.txt
# We keep all fields for every generated proto file as the runtime uses
# reflection over them that ProGuard cannot detect. Without this keep
# rule, fields may be removed that would cause runtime failures.
-keepclassmembers class * extends com.google.android.gms.internal.mlkit_vision_mediapipe.zzhz {
  <fields>;
}

# Uses reflection to determine if these classes are present and has a graceful
# fallback if they aren't.
-dontwarn dalvik.system.VMStack
-dontwarn com.google.common.flogger.backend.google.GooglePlatform
-dontwarn com.google.common.flogger.backend.system.DefaultPlatform

# Auto-generated proguard rule with obfuscated symbol
-keep public class com.google.android.gms.internal.mlkit_vision_mediapipe.zzfn {
  *;
}


# Auto-generated proguard rule with obfuscated symbol
-keep public class com.google.android.gms.internal.mlkit_vision_mediapipe.zzfp {
  *;
}


# Auto-generated proguard rule with obfuscated symbol
-keep public class com.google.android.gms.internal.mlkit_vision_mediapipe.zzfd {
  *;
}


# Auto-generated proguard rule with obfuscated symbol
-keep public class com.google.android.gms.internal.mlkit_vision_mediapipe.zzfq {
  *;
}


# Auto-generated proguard rule with obfuscated symbol
-keep public class com.google.android.gms.internal.mlkit_vision_mediapipe.zzfo {
  *;
}


# Auto-generated proguard rule with obfuscated symbol
-keep public class com.google.android.gms.internal.mlkit_vision_mediapipe.zzfr {
  *;
}


# Auto-generated proguard rule with obfuscated symbol
-keep public class com.google.android.gms.internal.mlkit_vision_mediapipe.zzfh {
  *;
}


# Auto-generated proguard rule with obfuscated symbol
-keep public class com.google.android.gms.internal.mlkit_vision_mediapipe.zzfm {
  *;
}


# Auto-generated proguard rule with obfuscated symbol
-keep public class com.google.android.gms.internal.mlkit_vision_mediapipe.zzfc {
  *;
}


# End of content from transformed\jetified-mediapipe-internal-17.0.0-beta3\proguard.txt
# The proguard configuration file for the following section is transformed\jetified-common-17.3.0\proguard.txt
# Annotations are implemented as attributes, so we have to explicitly keep them.
# Catch all which encompasses attributes like RuntimeVisibleParameterAnnotations
# and RuntimeVisibleTypeAnnotations
-keepattributes RuntimeVisible*Annotation*

# JNI is an entry point that's hard to keep track of, so there's
# an annotation to mark fields and methods used by native code.

# Keep the annotations that proguard needs to process.
-keep class com.google.android.apps.common.proguard.UsedBy*

# Just because native code accesses members of a class, does not mean that the
# class itself needs to be annotated - only annotate classes that are
# referenced themselves in native code.
-keep @com.google.android.apps.common.proguard.UsedBy* class * {
  <init>();
}
-keepclassmembers class * {
    @com.google.android.apps.common.proguard.UsedBy* *;
}