app/build/outputs/mapping/proguard/seeds.txt
com.google.mlkit.vision.demo.java.ChooserActivity
com.google.mlkit.vision.demo.java.CameraXLivePreviewActivity
com.google.mlkit.vision.demo.GraphicOverlay
com.google.mlkit.vision.demo.preference.SettingsActivity
com.google.mlkit.vision.demo.GraphicOverlay: int getImageWidth()
com.google.mlkit.vision.demo.GraphicOverlay: GraphicOverlay(android.content.Context,android.util.AttributeSet)
com.google.mlkit.vision.demo.CameraXViewModel: CameraXViewModel(android.app.Application)
com.google.mlkit.vision.demo.java.CameraXLivePreviewActivity: CameraXLivePreviewActivity()
com.google.mlkit.vision.demo.preference.SettingsActivity: SettingsActivity()
com.google.mlkit.vision.demo.preference.SettingsActivity$LaunchSource: com.google.mlkit.vision.demo.preference.SettingsActivity$LaunchSource valueOf(java.lang.String)
com.google.mlkit.vision.demo.preference.SettingsActivity$LaunchSource: com.google.mlkit.vision.demo.preference.SettingsActivity$LaunchSource[] values()
com.google.mlkit.vision.demo.java.ChooserActivity: ChooserActivity()
com.google.mlkit.vision.demo.GraphicOverlay: int getImageHeight()
...
com.google.android.gms.internal.mlkit_vision_text_bundled_common.zbagq: byte zbq
com.google.android.gms.internal.mlkit_vision_internal_vkp.zzamv: com.google.android.gms.internal.mlkit_vision_internal_vkp.zzamv zzb
com.google.android.gms.internal.mlkit_vision_internal_vkp.zzaus: com.google.android.gms.internal.mlkit_vision_internal_vkp.zzaus zzb
com.google.android.libraries.vision.visionkit.pipeline.zzei: com.google.android.libraries.vision.visionkit.pipeline.zzei zzb
com.google.android.gms.internal.mlkit_vision_internal_vkp.zzpz: com.google.android.gms.internal.mlkit_vision_internal_vkp.zzpr zzg
com.google.android.gms.internal.mlkit_vision_internal_vkp.zzatk: com.google.android.gms.internal.mlkit_vision_internal_vkp.zzagp zze
com.google.android.gms.internal.mlkit_vision_text_bundled_common.zbud: com.google.android.gms.internal.mlkit_vision_text_bundled_common.zbxy zbi
com.google.android.gms.internal.mlkit_vision_internal_vkp.zzwi: int zzf
com.google.android.gms.internal.mlkit_vision_text_bundled_common.zbace: int zbj
com.google.android.gms.internal.mlkit_vision_internal_vkp.zzxt: java.lang.String zzf
com.google.android.gms.internal.mlkit_vision_internal_vkp.zzmq: float zzh
com.google.android.gms.internal.mlkit_vision_label_custom.zzjm: com.google.android.gms.internal.mlkit_vision_label_custom.zzjm zzg
com.google.android.gms.internal.mlkit_vision_internal_vkp.zzacx: int zze
com.google.android.gms.internal.mlkit_vision_text_bundled_common.zbael: int zbe
com.google.android.gms.internal.mlkit_vision_label_custom.zzjc: int zzb
com.google.android.libraries.vision.visionkit.pipeline.zzfg: int zzf
com.google.android.gms.internal.clearcut.zzge$zzd: java.lang.String zztw
com.google.android.gms.internal.mlkit_vision_barcode.zzms: android.os.Parcelable$Creator CREATOR
com.google.android.gms.internal.mlkit_vision_internal_vkp.zzdi: com.google.android.gms.internal.mlkit_vision_internal_vkp.zzie zzi
com.google.android.libraries.barhopper.OnedRecognitionOptions: int itfMinConsistentLines
com.google.android.gms.internal.mlkit_vision_internal_vkp.zzbi: int zze
com.google.android.gms.internal.mlkit_vision_mediapipe.zzfn: long zza
com.google.android.gms.internal.mlkit_vision_internal_vkp.zzsr: com.google.android.gms.internal.mlkit_vision_internal_vkp.zzsr zzb
com.google.android.gms.internal.mlkit_vision_text_bundled_common.zbds: float zbg
com.google.android.gms.internal.mlkit_vision_mediapipe.zzek: com.google.android.gms.internal.mlkit_vision_mediapipe.zzek zzb
com.google.android.gms.internal.mlkit_vision_internal_vkp.zzzb: com.google.android.gms.internal.mlkit_vision_internal_vkp.zzagp zzf
com.google.android.gms.internal.mlkit_vision_text_bundled_common.zbez: java.lang.String zbf
com.google.android.gms.internal.mlkit_vision_text_bundled_common.zbams: com.google.android.gms.internal.mlkit_vision_text_bundled_common.zbams zbb
com.google.android.gms.internal.mlkit_vision_text_bundled_common.zbjl: boolean zbac
com.google.android.gms.internal.mlkit_vision_text_bundled_common.zbtz: boolean zbD
com.google.android.gms.internal.mlkit_vision_internal_vkp.zztj: java.lang.String zzf
com.google.android.gms.internal.mlkit_vision_internal_vkp.zzawd: float zzl
com.google.android.gms.internal.mlkit_vision_label_custom.zzgq: com.google.android.gms.internal.mlkit_vision_label_custom.zzkq zzo
com.google.android.gms.internal.clearcut.zzas: int zzex
com.google.android.gms.internal.mlkit_vision_internal_vkp.zzazb: com.google.android.gms.internal.mlkit_vision_internal_vkp.zzagp zzh
com.google.android.gms.internal.mlkit_vision_label_custom.zzkv: int zzh
com.google.android.gms.internal.mlkit_vision_internal_vkp.zzacx: int zzr
com.google.android.gms.internal.mlkit_vision_text_bundled_common.zbafh: int zbe
com.google.android.gms.internal.mlkit_vision_text_bundled_common.zbud: com.google.android.gms.internal.mlkit_vision_text_bundled_common.zbud zbe