app/build/outputs/mapping/proguard/usage.txt
com.google.mlkit.vision.demo.BitmapUtils:
    private static final java.lang.String TAG
    public void <init>()
    public static android.graphics.Bitmap getBitmapFromContentUri(android.content.ContentResolver,android.net.Uri)
    private static int getExifOrientationTag(android.content.ContentResolver,android.net.Uri)
com.google.mlkit.vision.demo.BuildConfig:
    public static final java.lang.String APPLICATION_ID
    public static final java.lang.String BUILD_TYPE
    public static final int VERSION_CODE
    public static final java.lang.String VERSION_NAME
    public void <init>()
com.google.mlkit.vision.demo.CameraSource$1
com.google.mlkit.vision.demo.CameraSource$CameraPreviewCallback
com.google.mlkit.vision.demo.CameraSource$FrameProcessingRunnable
com.google.mlkit.vision.demo.CameraSource$SizePair:
    public void <init>(com.google.android.gms.common.images.Size,com.google.android.gms.common.images.Size)
com.google.mlkit.vision.demo.CameraSource:
    private static final float ASPECT_RATIO_TOLERANCE
    public static final int CAMERA_FACING_BACK
    public static final int CAMERA_FACING_FRONT
    public static final int DEFAULT_REQUESTED_CAMERA_PREVIEW_HEIGHT
    public static final int DEFAULT_REQUESTED_CAMERA_PREVIEW_WIDTH
    private static final int DUMMY_TEXTURE_NAME
    public static final int IMAGE_FORMAT
    private static final boolean REQUESTED_AUTO_FOCUS
    private static final float REQUESTED_FPS
    private static final java.lang.String TAG
    protected android.app.Activity activity
    private final java.util.IdentityHashMap bytesToByteBuffer
    private android.hardware.Camera camera
    private android.graphics.SurfaceTexture dummySurfaceTexture
    private int facing
    private com.google.mlkit.vision.demo.VisionImageProcessor frameProcessor
    private final com.google.mlkit.vision.demo.GraphicOverlay graphicOverlay
    private com.google.android.gms.common.images.Size previewSize
    private final com.google.mlkit.vision.demo.CameraSource$FrameProcessingRunnable processingRunnable
    private java.lang.Thread processingThread
    private final java.lang.Object processorLock
    private int rotationDegrees
    public void <init>(android.app.Activity,com.google.mlkit.vision.demo.GraphicOverlay)
    static synthetic com.google.mlkit.vision.demo.CameraSource$FrameProcessingRunnable access$100(com.google.mlkit.vision.demo.CameraSource)
com.google.mlkit.vision.demo.CameraSourcePreview$1
com.google.mlkit.vision.demo.CameraSourcePreview$SurfaceCallback
com.google.mlkit.vision.demo.CameraSourcePreview
com.google.mlkit.vision.demo.CameraXViewModel:
    private static final java.lang.String TAG
com.google.mlkit.vision.demo.GraphicOverlay$Graphic:
    public android.content.Context getApplicationContext()
    public boolean isImageFlipped()
com.google.mlkit.vision.demo.GraphicOverlay:
    public void remove(com.google.mlkit.vision.demo.GraphicOverlay$Graphic)
com.google.mlkit.vision.demo.InferenceInfoGraphic:
    private static final int TEXT_COLOR
    private static final float TEXT_SIZE
    public void <init>(com.google.mlkit.vision.demo.GraphicOverlay)
com.google.mlkit.vision.demo.R$anim
com.google.mlkit.vision.demo.R$array
com.google.mlkit.vision.demo.R$attr
com.google.mlkit.vision.demo.R$bool
com.google.mlkit.vision.demo.R$color
com.google.mlkit.vision.demo.R$dimen
com.google.mlkit.vision.demo.R$drawable
com.google.mlkit.vision.demo.R$id
com.google.mlkit.vision.demo.R$integer
com.google.mlkit.vision.demo.R$interpolator
com.google.mlkit.vision.demo.R$layout
com.google.mlkit.vision.demo.R$mipmap
com.google.mlkit.vision.demo.R$string
com.google.mlkit.vision.demo.R$style
com.google.mlkit.vision.demo.R$styleable
com.google.mlkit.vision.demo.R$xml
com.google.mlkit.vision.demo.R
...
com.google.android.gms.internal.mlkit_common.zzdh:
    private static final com.google.firebase.encoders.FieldDescriptor zzb
    private static final com.google.firebase.encoders.FieldDescriptor zzc
    private static final com.google.firebase.encoders.FieldDescriptor zzd
com.google.android.gms.internal.mlkit_common.zzdi:
    private static final com.google.firebase.encoders.FieldDescriptor zzb
    private static final com.google.firebase.encoders.FieldDescriptor zzc
    private static final com.google.firebase.encoders.FieldDescriptor zzd
com.google.android.gms.internal.mlkit_common.zzdj:
    private static final com.google.firebase.encoders.FieldDescriptor zzb
    private static final com.google.firebase.encoders.FieldDescriptor zzc
    private static final com.google.firebase.encoders.FieldDescriptor zzd
com.google.android.gms.internal.mlkit_common.zzdk:
    private static final com.google.firebase.encoders.FieldDescriptor zzb
    private static final com.google.firebase.encoders.FieldDescriptor zzc
    private static final com.google.firebase.encoders.FieldDescriptor zzd
com.google.android.gms.internal.mlkit_common.zzdl:
    private static final com.google.firebase.encoders.FieldDescriptor zzb
    private static final com.google.firebase.encoders.FieldDescriptor zzc
    private static final com.google.firebase.encoders.FieldDescriptor zzd
com.google.android.gms.internal.mlkit_common.zzdm:
    private static final com.google.firebase.encoders.FieldDescriptor zzb
    private static final com.google.firebase.encoders.FieldDescriptor zzc
com.google.android.gms.internal.mlkit_common.zzdn:
    private static final com.google.firebase.encoders.FieldDescriptor zzb
    private static final com.google.firebase.encoders.FieldDescriptor zzc
com.google.android.gms.internal.mlkit_common.zzdo:
    private static final com.google.firebase.encoders.FieldDescriptor zzb
    private static final com.google.firebase.encoders.FieldDescriptor zzc
    private static final com.google.firebase.encoders.FieldDescriptor zzd
    private static final com.google.firebase.encoders.FieldDescriptor zze
    private static final com.google.firebase.encoders.FieldDescriptor zzf
com.google.android.gms.internal.mlkit_common.zzdp:
    private static final com.google.firebase.encoders.FieldDescriptor zzb
    private static final com.google.firebase.encoders.FieldDescriptor zzc
    private static final com.google.firebase.encoders.FieldDescriptor zzd
    private static final com.google.firebase.encoders.FieldDescriptor zze
    private static final com.google.firebase.encoders.FieldDescriptor zzf
com.google.android.gms.internal.mlkit_common.zzdr:
    private static final com.google.firebase.encoders.FieldDescriptor zzb
    private static final com.google.firebase.encoders.FieldDescriptor zzc
    private static final com.google.firebase.encoders.FieldDescriptor zzd
    private static final com.google.firebase.encoders.FieldDescriptor zze
    private static final com.google.firebase.encoders.FieldDescriptor zzf
    private static final com.google.firebase.encoders.FieldDescriptor zzg
com.google.android.gms.internal.mlkit_common.zzds:
    private static final com.google.firebase.encoders.FieldDescriptor zzb
    private static final com.google.firebase.encoders.FieldDescriptor zzc
    private static final com.google.firebase.encoders.FieldDescriptor zzd
com.google.android.gms.internal.mlkit_common.zzdt:
    private static final com.google.firebase.encoders.FieldDescriptor zzb
    private static final com.google.firebase.encoders.FieldDescriptor zzc
    private static final com.google.firebase.encoders.FieldDescriptor zzd
    private static final com.google.firebase.encoders.FieldDescriptor zze
    private static final com.google.firebase.encoders.FieldDescriptor zzf
    private static final com.google.firebase.encoders.FieldDescriptor zzg